#
# There is insufficient memory for the Java Runtime Environment to continue.
# Native memory allocation (malloc) failed to allocate 2071456 bytes for Chunk::new
# Possible reasons:
#   The system is out of physical RAM or swap space
#   The process is running with CompressedOops enabled, and the Java Heap may be blocking the growth of the native heap
# Possible solutions:
#   Reduce memory load on the system
#   Increase physical memory or swap space
#   Check if swap backing store is full
#   Decrease Java heap size (-Xmx/-Xms)
#   Decrease number of Java threads
#   Decrease Java thread stack sizes (-Xss)
#   Set larger code cache with -XX:ReservedCodeCacheSize=
#   JVM is running with Unscaled Compressed Oops mode in which the Java heap is
#     placed in the first 4GB address space. The Java Heap base address is the
#     maximum limit for the native heap growth. Please use -XX:HeapBaseMinAddress
#     to set the Java Heap base and to place the Java Heap above 4GB virtual address.
# This output file may be truncated or incomplete.
#
#  Out of Memory Error (allocation.cpp:389), pid=8444, tid=0x0000000000002164
#
# JRE version: Java(TM) SE Runtime Environment (8.0_241-b07) (build 1.8.0_241-b07)
# Java VM: Java HotSpot(TM) 64-Bit Server VM (25.241-b07 mixed mode windows-amd64 compressed oops)
# Failed to write core dump. Minidumps are not enabled by default on client versions of Windows
#

---------------  T H R E A D  ---------------

Current thread (0x0000000059333000):  JavaThread "C2 CompilerThread0" daemon [_thread_in_native, id=8548, stack(0x0000000059a80000,0x0000000059b80000)]

Stack: [0x0000000059a80000,0x0000000059b80000]
[error occurred during error reporting (printing stack bounds), id 0xc0000005]

Native frames: (J=compiled Java code, j=interpreted, Vv=VM code, C=native code)


Current CompileTask:
C2:   1796 1469       4       java.net.URLClassLoader$1::run (5 bytes)


---------------  P R O C E S S  ---------------

Java Threads: ( => current thread )
  0x00000000593cf000 JavaThread "Service Thread" daemon [_thread_blocked, id=8560, stack(0x0000000059f70000,0x000000005a070000)]
  0x0000000059343000 JavaThread "C1 CompilerThread2" daemon [_thread_blocked, id=8556, stack(0x0000000059dc0000,0x0000000059ec0000)]
  0x0000000059336000 JavaThread "C2 CompilerThread1" daemon [_thread_blocked, id=8552, stack(0x0000000059c90000,0x0000000059d90000)]
=>0x0000000059333000 JavaThread "C2 CompilerThread0" daemon [_thread_in_native, id=8548, stack(0x0000000059a80000,0x0000000059b80000)]
  0x0000000059331800 JavaThread "Monitor Ctrl-Break" daemon [_thread_in_native, id=8544, stack(0x0000000059920000,0x0000000059a20000)]
  0x00000000592fa800 JavaThread "Attach Listener" daemon [_thread_blocked, id=8540, stack(0x0000000058e00000,0x0000000058f00000)]
  0x0000000057e20000 JavaThread "Signal Dispatcher" daemon [_thread_blocked, id=8536, stack(0x00000000597c0000,0x00000000598c0000)]
  0x0000000057e0c000 JavaThread "Finalizer" daemon [_thread_blocked, id=8532, stack(0x00000000591f0000,0x00000000592f0000)]
  0x0000000057e04800 JavaThread "Reference Handler" daemon [_thread_blocked, id=8528, stack(0x0000000059000000,0x0000000059100000)]
  0x0000000002d1f000 JavaThread "main" [_thread_in_native, id=8496, stack(0x0000000002ee0000,0x0000000002fe0000)]

Other Threads:
  0x0000000057dbd000 VMThread [stack: 0x0000000058f00000,0x0000000059000000] [id=8524]
  0x00000000593d8800 WatcherThread [stack: 0x000000005a150000,0x000000005a250000] [id=8576]

VM state:not at safepoint (normal execution)

VM Mutex/Monitor currently owned by a thread: None

heap address: 0x0000000081a00000, size: 2022 MB, Compressed Oops mode: 32-bit
Narrow klass base: 0x0000000000000000, Narrow klass shift: 0
Compressed class space size: 1073741824 Address: 0x0000000017430000

Heap:
 PSYoungGen      total 38400K, used 10216K [0x00000000d5e00000, 0x00000000d8880000, 0x0000000100000000)
  eden space 33280K, 30% used [0x00000000d5e00000,0x00000000d67fa350,0x00000000d7e80000)
  from space 5120K, 0% used [0x00000000d7e80000,0x00000000d7e80000,0x00000000d8380000)
  to   space 5120K, 0% used [0x00000000d8380000,0x00000000d8380000,0x00000000d8880000)
 ParOldGen       total 59392K, used 5078K [0x0000000081a00000, 0x0000000085400000, 0x00000000d5e00000)
  object space 59392K, 8% used [0x0000000081a00000,0x0000000081ef5af0,0x0000000085400000)
 Metaspace       used 14627K, capacity 14986K, committed 15232K, reserved 1062912K
  class space    used 1821K, capacity 1910K, committed 1920K, reserved 1048576K

Card table byte_map: [0x00000000124a0000,0x00000000128a0000] byte_map_base: 0x0000000012093000

Marking Bits: (ParMarkBitMap*) 0x000000006f86be30
 Begin Bits: [0x0000000013100000, 0x0000000015098000)
 End Bits:   [0x0000000015098000, 0x0000000017030000)

Polling page: 0x0000000000460000

CodeCache: size=245760Kb used=5911Kb max_used=5919Kb free=239848Kb
 bounds [0x00000000030e0000, 0x00000000036b0000, 0x00000000120e0000]
 total_blobs=2041 nmethods=1699 adapters=254
 compilation: enabled

Compilation events (10 events):
Event: 1.768 Thread 0x0000000059336000 1558       4       org.codehaus.plexus.util.xml.pull.MXParser::getName (84 bytes)
Event: 1.768 Thread 0x0000000059336000 nmethod 1558 0x00000000036a6d50 code [0x00000000036a6e80, 0x00000000036a6f18]
Event: 1.768 Thread 0x0000000059336000 1564       4       java.util.LinkedHashMap::newNode (23 bytes)
Event: 1.769 Thread 0x0000000059336000 nmethod 1564 0x00000000036a6a10 code [0x00000000036a6b60, 0x00000000036a6cb8]
Event: 1.769 Thread 0x0000000059336000 1565       4       java.util.LinkedHashMap::afterNodeInsertion (40 bytes)
Event: 1.770 Thread 0x0000000059336000 nmethod 1565 0x00000000036abad0 code [0x00000000036abc20, 0x00000000036abcd8]
Event: 1.770 Thread 0x0000000059336000 1567       4       java.util.LinkedHashMap$LinkedHashIterator::hasNext (13 bytes)
Event: 1.770 Thread 0x0000000059336000 nmethod 1567 0x00000000036a6810 code [0x00000000036a6940, 0x00000000036a6998]
Event: 1.770 Thread 0x0000000059336000 1698       4       java.lang.Object::equals (11 bytes)
Event: 1.770 Thread 0x0000000059336000 nmethod 1698 0x00000000036a6610 code [0x00000000036a6740, 0x00000000036a6798]

GC Heap History (8 events):
Event: 0.935 GC heap before
{Heap before GC invocations=1 (full 0):
 PSYoungGen      total 38400K, used 33280K [0x00000000d5e00000, 0x00000000d8880000, 0x0000000100000000)
  eden space 33280K, 100% used [0x00000000d5e00000,0x00000000d7e80000,0x00000000d7e80000)
  from space 5120K, 0% used [0x00000000d8380000,0x00000000d8380000,0x00000000d8880000)
  to   space 5120K, 0% used [0x00000000d7e80000,0x00000000d7e80000,0x00000000d8380000)
 ParOldGen       total 87552K, used 0K [0x0000000081a00000, 0x0000000086f80000, 0x00000000d5e00000)
  object space 87552K, 0% used [0x0000000081a00000,0x0000000081a00000,0x0000000086f80000)
 Metaspace       used 8094K, capacity 8232K, committed 8320K, reserved 1056768K
  class space    used 1010K, capacity 1084K, committed 1152K, reserved 1048576K
Event: 0.939 GC heap after
Heap after GC invocations=1 (full 0):
 PSYoungGen      total 38400K, used 4832K [0x00000000d5e00000, 0x00000000d8880000, 0x0000000100000000)
  eden space 33280K, 0% used [0x00000000d5e00000,0x00000000d5e00000,0x00000000d7e80000)
  from space 5120K, 94% used [0x00000000d7e80000,0x00000000d8338010,0x00000000d8380000)
  to   space 5120K, 0% used [0x00000000d8380000,0x00000000d8380000,0x00000000d8880000)
 ParOldGen       total 87552K, used 8K [0x0000000081a00000, 0x0000000086f80000, 0x00000000d5e00000)
  object space 87552K, 0% used [0x0000000081a00000,0x0000000081a02000,0x0000000086f80000)
 Metaspace       used 8094K, capacity 8232K, committed 8320K, reserved 1056768K
  class space    used 1010K, capacity 1084K, committed 1152K, reserved 1048576K
}
Event: 1.226 GC heap before
{Heap before GC invocations=2 (full 0):
 PSYoungGen      total 38400K, used 38112K [0x00000000d5e00000, 0x00000000d8880000, 0x0000000100000000)
  eden space 33280K, 100% used [0x00000000d5e00000,0x00000000d7e80000,0x00000000d7e80000)
  from space 5120K, 94% used [0x00000000d7e80000,0x00000000d8338010,0x00000000d8380000)
  to   space 5120K, 0% used [0x00000000d8380000,0x00000000d8380000,0x00000000d8880000)
 ParOldGen       total 87552K, used 8K [0x0000000081a00000, 0x0000000086f80000, 0x00000000d5e00000)
  object space 87552K, 0% used [0x0000000081a00000,0x0000000081a02000,0x0000000086f80000)
 Metaspace       used 11712K, capacity 12030K, committed 12160K, reserved 1060864K
  class space    used 1471K, capacity 1578K, committed 1664K, reserved 1048576K
Event: 1.231 GC heap after
Heap after GC invocations=2 (full 0):
 PSYoungGen      total 38400K, used 5101K [0x00000000d5e00000, 0x00000000d8880000, 0x0000000100000000)
  eden space 33280K, 0% used [0x00000000d5e00000,0x00000000d5e00000,0x00000000d7e80000)
  from space 5120K, 99% used [0x00000000d8380000,0x00000000d887b7f8,0x00000000d8880000)
  to   space 5120K, 0% used [0x00000000d7e80000,0x00000000d7e80000,0x00000000d8380000)
 ParOldGen       total 87552K, used 2000K [0x0000000081a00000, 0x0000000086f80000, 0x00000000d5e00000)
  object space 87552K, 2% used [0x0000000081a00000,0x0000000081bf4168,0x0000000086f80000)
 Metaspace       used 11712K, capacity 12030K, committed 12160K, reserved 1060864K
  class space    used 1471K, capacity 1578K, committed 1664K, reserved 1048576K
}
Event: 1.459 GC heap before
{Heap before GC invocations=3 (full 0):
 PSYoungGen      total 38400K, used 21118K [0x00000000d5e00000, 0x00000000d8880000, 0x0000000100000000)
  eden space 33280K, 48% used [0x00000000d5e00000,0x00000000d6da42a0,0x00000000d7e80000)
  from space 5120K, 99% used [0x00000000d8380000,0x00000000d887b7f8,0x00000000d8880000)
  to   space 5120K, 0% used [0x00000000d7e80000,0x00000000d7e80000,0x00000000d8380000)
 ParOldGen       total 87552K, used 2000K [0x0000000081a00000, 0x0000000086f80000, 0x00000000d5e00000)
  object space 87552K, 2% used [0x0000000081a00000,0x0000000081bf4168,0x0000000086f80000)
 Metaspace       used 13536K, capacity 13764K, committed 13824K, reserved 1064960K
  class space    used 1697K, capacity 1781K, committed 1792K, reserved 1048576K
Event: 1.462 GC heap after
Heap after GC invocations=3 (full 0):
 PSYoungGen      total 38400K, used 5113K [0x00000000d5e00000, 0x00000000d8880000, 0x0000000100000000)
  eden space 33280K, 0% used [0x00000000d5e00000,0x00000000d5e00000,0x00000000d7e80000)
  from space 5120K, 99% used [0x00000000d7e80000,0x00000000d837e4e0,0x00000000d8380000)
  to   space 5120K, 0% used [0x00000000d8380000,0x00000000d8380000,0x00000000d8880000)
 ParOldGen       total 87552K, used 2140K [0x0000000081a00000, 0x0000000086f80000, 0x00000000d5e00000)
  object space 87552K, 2% used [0x0000000081a00000,0x0000000081c17198,0x0000000086f80000)
 Metaspace       used 13536K, capacity 13764K, committed 13824K, reserved 1064960K
  class space    used 1697K, capacity 1781K, committed 1792K, reserved 1048576K
}
Event: 1.462 GC heap before
{Heap before GC invocations=4 (full 1):
 PSYoungGen      total 38400K, used 5113K [0x00000000d5e00000, 0x00000000d8880000, 0x0000000100000000)
  eden space 33280K, 0% used [0x00000000d5e00000,0x00000000d5e00000,0x00000000d7e80000)
  from space 5120K, 99% used [0x00000000d7e80000,0x00000000d837e4e0,0x00000000d8380000)
  to   space 5120K, 0% used [0x00000000d8380000,0x00000000d8380000,0x00000000d8880000)
 ParOldGen       total 87552K, used 2140K [0x0000000081a00000, 0x0000000086f80000, 0x00000000d5e00000)
  object space 87552K, 2% used [0x0000000081a00000,0x0000000081c17198,0x0000000086f80000)
 Metaspace       used 13536K, capacity 13764K, committed 13824K, reserved 1064960K
  class space    used 1697K, capacity 1781K, committed 1792K, reserved 1048576K
Event: 1.484 GC heap after
Heap after GC invocations=4 (full 1):
 PSYoungGen      total 38400K, used 0K [0x00000000d5e00000, 0x00000000d8880000, 0x0000000100000000)
  eden space 33280K, 0% used [0x00000000d5e00000,0x00000000d5e00000,0x00000000d7e80000)
  from space 5120K, 0% used [0x00000000d7e80000,0x00000000d7e80000,0x00000000d8380000)
  to   space 5120K, 0% used [0x00000000d8380000,0x00000000d8380000,0x00000000d8880000)
 ParOldGen       total 59392K, used 5078K [0x0000000081a00000, 0x0000000085400000, 0x00000000d5e00000)
  object space 59392K, 8% used [0x0000000081a00000,0x0000000081ef5af0,0x0000000085400000)
 Metaspace       used 13536K, capacity 13764K, committed 13824K, reserved 1062912K
  class space    used 1697K, capacity 1781K, committed 1792K, reserved 1048576K
}

Deoptimization events (10 events):
Event: 0.863 Thread 0x0000000002d1f000 Uncommon trap: reason=unstable_if action=reinterpret pc=0x000000000331ba68 method=java.util.HashMap.getNode(ILjava/lang/Object;)Ljava/util/HashMap$Node; @ 129
Event: 0.871 Thread 0x0000000002d1f000 Uncommon trap: reason=unstable_if action=reinterpret pc=0x0000000003289554 method=org.codehaus.plexus.util.xml.pull.MXParser.more()C @ 8
Event: 0.946 Thread 0x0000000002d1f000 Uncommon trap: reason=unstable_if action=reinterpret pc=0x000000000337aa04 method=org.codehaus.plexus.util.xml.pull.MXParser.nextImpl()I @ 1046
Event: 0.955 Thread 0x0000000002d1f000 Uncommon trap: reason=range_check action=make_not_entrant pc=0x0000000003320ed0 method=sun.reflect.generics.parser.SignatureParser.current()C @ 34
Event: 1.305 Thread 0x0000000002d1f000 Uncommon trap: reason=unstable_if action=reinterpret pc=0x000000000342a99c method=java.util.concurrent.ConcurrentHashMap.putVal(Ljava/lang/Object;Ljava/lang/Object;Z)Ljava/lang/Object; @ 206
Event: 1.414 Thread 0x0000000002d1f000 Uncommon trap: reason=null_check action=make_not_entrant pc=0x00000000032cbb84 method=java.lang.String.equals(Ljava/lang/Object;)Z @ 8
Event: 1.435 Thread 0x0000000002d1f000 Uncommon trap: reason=unstable_if action=reinterpret pc=0x0000000003378984 method=sun.nio.cs.UTF_8$Decoder.decodeArrayLoop(Ljava/nio/ByteBuffer;Ljava/nio/CharBuffer;)Ljava/nio/charset/CoderResult; @ 84
Event: 1.521 Thread 0x0000000002d1f000 Uncommon trap: reason=unstable_if action=reinterpret pc=0x0000000003348bf4 method=sun.nio.cs.UTF_8$Decoder.decode([BII[C)I @ 30
Event: 1.587 Thread 0x0000000002d1f000 Uncommon trap: reason=unstable_if action=reinterpret pc=0x00000000032a20cc method=java.lang.String.replace(CC)Ljava/lang/String; @ 2
Event: 1.760 Thread 0x0000000002d1f000 Uncommon trap: reason=unstable_if action=reinterpret pc=0x0000000003694a9c method=org.codehaus.plexus.util.xml.pull.MXParser.nextImpl()I @ 280

Classes redefined (0 events):
No events

Internal exceptions (10 events):
Event: 0.862 Thread 0x0000000002d1f000 Exception <a 'java/lang/ArrayIndexOutOfBoundsException'> (0x00000000d73143a0) thrown at [C:\ade\jenkins\workspace\8-2-build-windows-amd64-cygwin\jdk8u241\331\hotspot\src\share\vm\runtime\sharedRuntime.cpp, line 605]
Event: 0.862 Thread 0x0000000002d1f000 Exception <a 'java/lang/ArrayIndexOutOfBoundsException'> (0x00000000d7316170) thrown at [C:\ade\jenkins\workspace\8-2-build-windows-amd64-cygwin\jdk8u241\331\hotspot\src\share\vm\runtime\sharedRuntime.cpp, line 605]
Event: 0.862 Thread 0x0000000002d1f000 Exception <a 'java/lang/ArrayIndexOutOfBoundsException'> (0x00000000d73176c8) thrown at [C:\ade\jenkins\workspace\8-2-build-windows-amd64-cygwin\jdk8u241\331\hotspot\src\share\vm\runtime\sharedRuntime.cpp, line 605]
Event: 0.862 Thread 0x0000000002d1f000 Exception <a 'java/lang/ArrayIndexOutOfBoundsException'> (0x00000000d7318f48) thrown at [C:\ade\jenkins\workspace\8-2-build-windows-amd64-cygwin\jdk8u241\331\hotspot\src\share\vm\runtime\sharedRuntime.cpp, line 605]
Event: 0.955 Thread 0x0000000002d1f000 Exception <a 'java/lang/ArrayIndexOutOfBoundsException': 73> (0x00000000d5fc5d58) thrown at [C:\ade\jenkins\workspace\8-2-build-windows-amd64-cygwin\jdk8u241\331\hotspot\src\share\vm\interpreter\interpreterRuntime.cpp, line 368]
Event: 0.955 Thread 0x0000000002d1f000 Exception <a 'java/lang/ArrayIndexOutOfBoundsException': 131> (0x00000000d5fc7700) thrown at [C:\ade\jenkins\workspace\8-2-build-windows-amd64-cygwin\jdk8u241\331\hotspot\src\share\vm\interpreter\interpreterRuntime.cpp, line 368]
Event: 1.320 Thread 0x0000000002d1f000 Exception <a 'java/lang/NoClassDefFoundError': com/google/inject/servlet/ServletModuleTargetVisitor> (0x00000000d65c4e00) thrown at [C:\ade\jenkins\workspace\8-2-build-windows-amd64-cygwin\jdk8u241\331\hotspot\src\share\vm\classfile\systemDictionary.cpp, 
Event: 1.320 Thread 0x0000000002d1f000 Exception <a 'java/lang/NoClassDefFoundError'> (0x00000000d65c4e00) thrown at [C:\ade\jenkins\workspace\8-2-build-windows-amd64-cygwin\jdk8u241\331\hotspot\src\share\vm\prims\jvm.cpp, line 1506]
Event: 1.320 Thread 0x0000000002d1f000 Exception <a 'java/lang/NoClassDefFoundError': javax/annotation/Priority> (0x00000000d65c97b8) thrown at [C:\ade\jenkins\workspace\8-2-build-windows-amd64-cygwin\jdk8u241\331\hotspot\src\share\vm\classfile\systemDictionary.cpp, line 199]
Event: 1.414 Thread 0x0000000002d1f000 Implicit null exception at 0x00000000032cb9cb to 0x00000000032cbb75

Events (10 events):
Event: 1.723 loading class org/apache/maven/project/ProjectModelResolver$1 done
Event: 1.738 Thread 0x0000000002d1f000 DEOPT PACKING pc=0x0000000003619232 sp=0x0000000002fdd8a0
Event: 1.738 Thread 0x0000000002d1f000 DEOPT UNPACKING pc=0x0000000003127890 sp=0x0000000002fdd720 mode 0
Event: 1.738 Thread 0x0000000002d1f000 DEOPT PACKING pc=0x0000000003604db3 sp=0x0000000002fdda30
Event: 1.738 Thread 0x0000000002d1f000 DEOPT UNPACKING pc=0x0000000003127890 sp=0x0000000002fdd830 mode 0
Event: 1.759 Thread 0x0000000002d1f000 DEOPT PACKING pc=0x0000000003604db3 sp=0x0000000002fdd8c0
Event: 1.759 Thread 0x0000000002d1f000 DEOPT UNPACKING pc=0x0000000003127890 sp=0x0000000002fdd6c0 mode 0
Event: 1.760 Thread 0x0000000002d1f000 Uncommon trap: trap_request=0xffffff65 fr.pc=0x0000000003694a9c
Event: 1.760 Thread 0x0000000002d1f000 DEOPT PACKING pc=0x0000000003694a9c sp=0x0000000002fddac0
Event: 1.760 Thread 0x0000000002d1f000 DEOPT UNPACKING pc=0x000000000312583b sp=0x0000000002fdda18 mode 2


Dynamic libraries:
0x000000013f800000 - 0x000000013f837000 	C:\Program Files\Java\jdk1.8.0_241\bin\java.exe
0x0000000077610000 - 0x00000000777af000 	C:\Windows\SYSTEM32\ntdll.dll
0x00000000774f0000 - 0x000000007760f000 	C:\Windows\system32\kernel32.dll
0x000007fefd620000 - 0x000007fefd68a000 	C:\Windows\system32\KERNELBASE.dll
0x000007fefe460000 - 0x000007fefe53b000 	C:\Windows\system32\ADVAPI32.dll
0x000007fefe1b0000 - 0x000007fefe24f000 	C:\Windows\system32\msvcrt.dll
0x000007fefdfd0000 - 0x000007fefdfef000 	C:\Windows\SYSTEM32\sechost.dll
0x000007fefe800000 - 0x000007fefe92c000 	C:\Windows\system32\RPCRT4.dll
0x00000000773f0000 - 0x00000000774ea000 	C:\Windows\system32\USER32.dll
0x000007fefe290000 - 0x000007fefe2f7000 	C:\Windows\system32\GDI32.dll
0x000007fefda00000 - 0x000007fefda0e000 	C:\Windows\system32\LPK.dll
0x000007fefe0e0000 - 0x000007fefe1ab000 	C:\Windows\system32\USP10.dll
0x000007fefaa80000 - 0x000007fefac74000 	C:\Windows\WinSxS\amd64_microsoft.windows.common-controls_6595b64144ccf1df_6.0.7601.23403_none_e36ad4593102f066\COMCTL32.dll
0x000007fefe540000 - 0x000007fefe5b1000 	C:\Windows\system32\SHLWAPI.dll
0x000007fefe260000 - 0x000007fefe28e000 	C:\Windows\system32\IMM32.DLL
0x000007fefdab0000 - 0x000007fefdbb9000 	C:\Windows\system32\MSCTF.dll
0x0000000180000000 - 0x0000000180098000 	C:\Windows\LVUAAgentInstBaseRoot\system32\Vozokopot.dll
0x000007fefc110000 - 0x000007fefc131000 	C:\Windows\LVUAAgentInstBaseRoot\system32\MozartBreathFw.dll
0x000007fefbbc0000 - 0x000007fefc10f000 	C:\Windows\LVUAAgentInstBaseRoot\system32\MozartBreathCore.dll
0x0000000075070000 - 0x000000007510a000 	C:\Windows\LVUAAgentInstBaseRoot\system32\SteinwayMSVCRT.dll
0x0000000074fa0000 - 0x0000000075070000 	C:\Windows\LVUAAgentInstBaseRoot\system32\SteinwayMSVCSTL.dll
0x000007fefbb40000 - 0x000007fefbbb1000 	C:\Windows\system32\WINSPOOL.DRV
0x000007fefda10000 - 0x000007fefdaa7000 	C:\Windows\system32\COMDLG32.dll
0x000007fefeb70000 - 0x000007feff8fa000 	C:\Windows\system32\SHELL32.dll
0x000007fefd7e0000 - 0x000007fefd9df000 	C:\Windows\system32\ole32.dll
0x000007fefde70000 - 0x000007fefdf4a000 	C:\Windows\system32\OLEAUT32.dll
0x000007fefdff0000 - 0x000007fefe03d000 	C:\Windows\system32\WS2_32.dll
0x000007fefe250000 - 0x000007fefe258000 	C:\Windows\system32\NSI.dll
0x000007fefc460000 - 0x000007fefc471000 	C:\Windows\system32\WTSAPI32.dll
0x000007fefca00000 - 0x000007fefca5b000 	C:\Windows\system32\DNSAPI.dll
0x000007fefba80000 - 0x000007fefba98000 	C:\Windows\system32\MPR.dll
0x000007fefba40000 - 0x000007fefba7a000 	C:\Windows\LVUAAgentInstBaseRoot\system32\MozartBreathNet.dll
0x000007fefb9d0000 - 0x000007fefba33000 	C:\Windows\LVUAAgentInstBaseRoot\system32\MozartBreathFile.dll
0x000007fefb990000 - 0x000007fefb9c3000 	C:\Windows\LVUAAgentInstBaseRoot\system32\MozartBreathProcess.dll
0x000007fefb970000 - 0x000007fefb989000 	C:\Windows\LVUAAgentInstBaseRoot\system32\MozartBreathBolo.dll
0x000007fefb950000 - 0x000007fefb965000 	C:\Windows\LVUAAgentInstBaseRoot\system32\MozartBreathProtect.dll
0x0000000072a70000 - 0x0000000072b42000 	C:\Program Files\Java\jdk1.8.0_241\jre\bin\msvcr100.dll
0x000000006f040000 - 0x000000006f8ec000 	C:\Program Files\Java\jdk1.8.0_241\jre\bin\server\jvm.dll
0x000007fef6710000 - 0x000007fef6719000 	C:\Windows\system32\WSOCK32.dll
0x000007fef9c00000 - 0x000007fef9c3b000 	C:\Windows\system32\WINMM.dll
0x000007fefc660000 - 0x000007fefc66c000 	C:\Windows\system32\VERSION.dll
0x00000000777c0000 - 0x00000000777c7000 	C:\Windows\system32\PSAPI.DLL
0x000007feebda0000 - 0x000007feebdaf000 	C:\Program Files\Java\jdk1.8.0_241\jre\bin\verify.dll
0x000007fee1080000 - 0x000007fee10a9000 	C:\Program Files\Java\jdk1.8.0_241\jre\bin\java.dll
0x000007fee05e0000 - 0x000007fee0603000 	C:\Program Files\Java\jdk1.8.0_241\jre\bin\instrument.dll
0x000007fef85a0000 - 0x000007fef85c0000 	C:\Windows\system32\Wlanapi.dll
0x000007fef8590000 - 0x000007fef8597000 	C:\Windows\system32\wlanutil.dll
0x000007feebca0000 - 0x000007feebcb6000 	C:\Program Files\Java\jdk1.8.0_241\jre\bin\zip.dll
0x000007fefd3b0000 - 0x000007fefd3bf000 	C:\Windows\system32\profapi.dll
0x000007fef96c0000 - 0x000007fef96da000 	D:\IDEA\IntelliJ IDEA 2019.3.3\bin\breakgen64.dll
0x000007fee3ea0000 - 0x000007fee3eba000 	C:\Program Files\Java\jdk1.8.0_241\jre\bin\net.dll
0x000007fefcb80000 - 0x000007fefcbd5000 	C:\Windows\system32\mswsock.dll
0x000007fefcb70000 - 0x000007fefcb77000 	C:\Windows\System32\wship6.dll
0x000007fede270000 - 0x000007fede282000 	C:\Program Files\Java\jdk1.8.0_241\jre\bin\nio.dll

VM Arguments:
jvm_args: -Dmaven.multiModuleProjectDirectory=C:\Users\114200560\Desktop\work\namePlateSystem\namePlateSystem -Dmaven.home=D:\MAVEN\apache-maven-3.3.9 -Dclassworlds.conf=D:\MAVEN\apache-maven-3.3.9\bin\m2.conf -Dmaven.ext.class.path=D:\IDEA\IntelliJ IDEA 2019.3.3\plugins\maven\lib\maven-event-listener.jar -javaagent:D:\IDEA\IntelliJ IDEA 2019.3.3\lib\idea_rt.jar=58586:D:\IDEA\IntelliJ IDEA 2019.3.3\bin -Dfile.encoding=UTF-8 
java_command: org.codehaus.classworlds.Launcher -Didea.version2019.3.3 -s D:\MAVEN\apache-maven-3.3.9\conf\settings.xml org.mybatis.generator:mybatis-generator-maven-plugin:1.3.2:generate
java_class_path (initial): D:\MAVEN\apache-maven-3.3.9\boot\plexus-classworlds-2.5.2.jar;D:\IDEA\IntelliJ IDEA 2019.3.3\lib\idea_rt.jar
Launcher Type: SUN_STANDARD

Environment Variables:
CLASSPATH=.;%JAVA_HOME%\lib;%JAVA_HOME%\lib\tools.jar;D:\tomcat\lib\servlet-api.jar;
PATH=D:\oracle\oracleRoot\product\11.2.0\client_1\bin;C:\Program Files (x86)\Common Files\Oracle\Java\javapath;C:\Windows\system32;C:\Windows;C:\Windows\System32\Wbem;C:\Windows\System32\WindowsPowerShell\v1.0\;C:\Program Files (x86)\NVIDIA Corporation\PhysX\Common;C:\Program Files\Java\jdk1.8.0_241\bin;C:\Program Files\Java\jre1.8.0_241\bin;%M2_HOME%\bin;C:\Program Files (x86)\Microsoft SQL Server\100\Tools\Binn\;C:\Program Files\Microsoft SQL Server\100\Tools\Binn\;C:\Program Files\Microsoft SQL Server\100\DTS\Binn\;C:\Program Files (x86)\Microsoft SQL Server\100\Tools\Binn\VSShell\Common7\IDE\;C:\Program Files (x86)\Microsoft Visual Studio 9.0\Common7\IDE\PrivateAssemblies\;C:\Program Files (x86)\Microsoft SQL Server\100\DTS\Binn\;C:\Program Files (x86)\Microsoft SQL Server\150\DTS\Binn\;D:\node.js\;D:\tomcat\bin;D:\tomcat\lib;D:\SVN\bin;C:\Program Files\EsafeNet\Cobra DocGuard Client;C:\Users\114200560\AppData\Roaming\npm
USERNAME=114200560
OS=Windows_NT
PROCESSOR_IDENTIFIER=Intel64 Family 6 Model 60 Stepping 3, GenuineIntel



---------------  S Y S T E M  ---------------

OS: Windows 7 , 64 bit Build 7601 (6.1.7601.24384)

CPU:total 4 (initial active 4) (4 cores per cpu, 1 threads per core) family 6 model 60 stepping 3, cmov, cx8, fxsr, mmx, sse, sse2, sse3, ssse3, sse4.1, sse4.2, popcnt, avx, avx2, aes, clmul, erms, rtm, lzcnt, tsc, tscinvbit, bmi1, bmi2

Memory: 4k page, physical 8276308k(1741688k free), swap 8274404k(6244k free)

vm_info: Java HotSpot(TM) 64-Bit Server VM (25.241-b07) for windows-amd64 JRE (1.8.0_241-b07), built on Dec 11 2019 10:21:40 by "rejava" with MS VC++ 10.0 (VS2010)

time: Mon Nov 02 14:34:43 2020
timezone: 中国标准时间
elapsed time: 1 seconds (0d 0h 0m 1s)

